--2023-01-03 04:03:27--  https://m2.mtmt.hu/api/publication?cond=published;eq;true&cond=core;eq;true&cond=authors.mtid;eq;10058477&sort=publishedYear,desc&sort=firstAuthor,asc&size=1000&fields=citations,pubStats&labelLang=hun&page=1&format=json
Resolving m2.mtmt.hu (m2.mtmt.hu)... 193.224.44.74
Connecting to m2.mtmt.hu (m2.mtmt.hu)|193.224.44.74|:443... connected.
HTTP request sent, awaiting response... 200 
Length: unspecified [application/vnd.mtmt2-1.0+json]
Saving to: ‘tmp.json’

     0K .......... .......... .......... .......... .......... 79,9K
    50K .......... .......... .......... .......... .......... 4,30M
   100K .......... .......... .......... .......... .......... 14,8M
   150K .......... .......... .......... .......... .......... 6,60M
   200K .......... .......... .......... .......... .......... 12,7M
   250K .......... .......... .......... .......... .......... 13,2M
   300K .......... .......... .......... .......... .......... 11,3M
   350K .......... .......... .......... .......... .......... 14,6M
   400K .......... .......... .......... .......... .......... 19,6M
   450K .......... .......... .......... .......... .......... 27,8M
   500K .......... .......... .......... .......... .......... 45,1M
   550K .......... .......... .......... .......... .......... 45,8M
   600K .......... .......... .......... .......... .......... 28,8M
   650K .......... .......... .......... .......... .......... 29,0M
   700K .......... .......... .......... .......... .......... 28,8M
   750K .......... .......... .......... .......... .......... 15,7M
   800K .......... .......... .......... .......... .......... 13,2M
   850K .......... .......... .......... .......... .......... 21,3M
   900K .......... .......... .......... .......... .......... 14,7M
   950K .......... .......... .......... .......... .......... 20,1M
  1000K .......... .......... .......... .......... .......... 22,8M
  1050K .......... .......... .......... .......... .......... 23,2M
  1100K .......... .......... .......... .......... .......... 12,1M
  1150K .......... .......... .......... .......... .......... 25,5M
  1200K .......... .......... .......... .......... .......... 21,6M
  1250K .......... .......... .......... .......... .......... 16,7M
  1300K .......... .......... .......... .......... .......... 16,9M
  1350K .......... .......... .......... .......... .......... 15,8M
  1400K .......... .......... .......... .......... .......... 16,7M
  1450K .......... .......... .......... .......... .......... 15,5M
  1500K .......... .......... .......... .......... .......... 18,8M
  1550K .......... .......... .......... .......... .......... 18,7M
  1600K .......... .......... .......... .......... .......... 25,7M
  1650K .......... .......... .......... .......... .......... 14,0M
  1700K .......... .......... .......... .......... .......... 16,8M
  1750K .......... .......... .......... .......... .......... 23,0M
  1800K .......... .......... .......... .......... .......... 17,8M
  1850K .......... .......... .......... .......... .......... 20,1M
  1900K .......... .......... .......... .......... .......... 15,6M
  1950K .......... .......... .......... .......... .......... 20,2M
  2000K .......... .......... .......... .......... .......... 15,2M
  2050K .......... .......... .......... .......... .......... 14,3M
  2100K .......... .......... .......... .......... .......... 22,1M
  2150K .......... .......... .......... .......... .......... 16,2M
  2200K .......... .......... .......... .......... .......... 14,1M
  2250K .......... .......... .......... .......... .......... 18,0M
  2300K .......... .......... .......... .......... .......... 21,0M
  2350K .......... .......... .......... .......... .......... 18,8M
  2400K .......... .......... .......... .......... .......... 15,4M
  2450K .......... .......... .......... .......... .......... 37,1M
  2500K .......... .......... .......... .......... .......... 17,9M
  2550K .......... .......... .......... .......... .......... 15,3M
  2600K .......... .......... .......... .......... .......... 18,3M
  2650K .......... .......... .......... .......... .......... 17,0M
  2700K .......... .......... .......... .......... .......... 13,3M
  2750K .......... .......... .......... .......... .......... 18,0M
  2800K .......... .......... .......... .......... .......... 20,0M
  2850K .......... .......... .......... .......... .......... 14,2M
  2900K .......... .......... .......... .......... .......... 21,5M
  2950K .......... .......... .......... .......... .......... 10,7M
  3000K .......... .......... .......... .......... .......... 16,2M
  3050K .......... .......... .......... .......... .......... 20,8M
  3100K .......... .......... .......... .......... .......... 15,3M
  3150K .......... .......... .......... .......... .......... 12,5M
  3200K .......... .......... .......... .......... .......... 26,1M
  3250K .......... .......... .......... .......... .......... 34,4M
  3300K .......... .......... .......... .......... .......... 18,1M
  3350K .......... .......... .......... .......... .......... 29,2M
  3400K .......... .......... .......... .......... .......... 13,8M
  3450K .......... .......... .......... .......... .......... 26,1M
  3500K .......... .......... .......... .......... .......... 13,9M
  3550K .......... .......... .......... .......... .......... 16,9M
  3600K .......... .......... .......... .......... .......... 12,4M
  3650K .......... .......... .......... .......... .......... 24,7M
  3700K .......... .......... .......... .......... .......... 17,7M
  3750K .......... .......... .......... .......... .......... 26,9M
  3800K .......... .......... .......... .......... .......... 23,2M
  3850K .......... .......... .......... .......... .......... 21,1M
  3900K .......... .......... .......... .......... .......... 15,3M
  3950K .......... .......... .......... .......... .......... 24,5M
  4000K .......... .......... .......... .......... .......... 12,9M
  4050K .......... .......... .......... .......... .......... 19,1M
  4100K .......... .......... .......... .......... .......... 4,29M
  4150K .......... .......... .......... .......... .......... 22,9M
  4200K .......... .......... .......... .......... .......... 19,0M
  4250K .......... .......... .......... .......... .......... 16,2M
  4300K .......... .......... .......... .......... .......... 35,9M
  4350K .......... .......... .......... .......... .......... 16,1M
  4400K .......... .......... .......... .......... .......... 19,3M
  4450K .......... .......... .......... .......... .......... 15,3M
  4500K .......... .......... .......... .......... .......... 20,7M
  4550K .......... .......... .......... .......... .......... 20,3M
  4600K .......... .......... .......... .......... .......... 15,0M
  4650K .......... .......... .......... .......... .......... 15,6M
  4700K .......... .......... .......... .......... .......... 13,6M
  4750K .......... .......... .......... .......... .......... 9,77M
  4800K .......... .......... .......... .......... .......... 10,1M
  4850K .......... .......... .......... .......... .......... 17,6M
  4900K .......... .......... .......... .......... .......... 21,0M
  4950K .......... .......... .......... .......... .......... 2,40M
  5000K .......... .......... .......... .......... .......... 5,54M
  5050K .......... .......... .......... .......... .......... 20,7M
  5100K .......... .......... .......... .......... .......... 19,6M
  5150K .......... .......... .......... .......... .......... 17,7M
  5200K .......... .......... .......... .......... .......... 24,2M
  5250K .......... .......... .......... .......... .......... 15,4M
  5300K .......... .......... .......... .......... .......... 15,1M
  5350K .......... .......... .......... .......... .......... 17,3M
  5400K .......... .......... .......... .......... .......... 17,6M
  5450K .......... .......... .......... .......... .......... 33,0M
  5500K .......... .......... .......... .......... .......... 26,5M
  5550K .......... .......... .......... .......... .......... 17,0M
  5600K .......... .......... .......... .......... .......... 16,8M
  5650K .......... .......... .......... .......... .......... 13,9M
  5700K .......... .......... .......... .......... .......... 7,63M
  5750K .......... .......... .......... .......... .......... 18,6M
  5800K .......... .......... .......... .......... .......... 22,2M
  5850K .......... .......... .......... .......... .......... 20,9M
  5900K .......... .......... .......... .......... .......... 27,7M
  5950K .......... .......... .......... .......... .......... 11,9M
  6000K .......... .......... .......... .......... .......... 5,57M
  6050K .......... .......... .......... .......... .......... 7,98M
  6100K .......... .......... .......... .......... .......... 52,7M
  6150K .......... .......... .......... .......... .......... 25,7M
  6200K .......... .......... .......... .......... .......... 2,82M
  6250K .......... .......... .......... .......... .......... 20,4M
  6300K .......... .......... .......... .......... .......... 19,0M
  6350K .......... .......... .......... .......... .......... 23,7M
  6400K .......... .......... .......... .......... .......... 14,8M
  6450K .......... .......... .......... .......... .......... 15,1M
  6500K .......... .......... .......... .......... .......... 20,6M
  6550K .......... .......... .......... .......... .......... 14,1M
  6600K .......... .......... .......... .......... .......... 4,95M
  6650K .......... .......... .......... .......... .......... 20,7M
  6700K .......... .......... .......... .......... .......... 22,2M
  6750K .......... .......... .......... .......... .......... 29,0M
  6800K .......... .......... .......... .......... .......... 5,47M
  6850K .......... .......... .......... .......... .......... 16,6M
  6900K .......... .......... .......... .......... .......... 18,2M
  6950K .......... .......... .......... .......... .......... 24,3M
  7000K .......... .......... .......... .......... .......... 15,5M
  7050K .......... .......... .......... .......... .......... 4,35M
  7100K .......... .......... .......... .......... .......... 17,5M
  7150K .......... .......... .......... .......... .......... 17,1M
  7200K .......... .......... .......... .......... .......... 27,4M
  7250K .......... .......... .......... .......... .......... 19,0M
  7300K .......... .......... .......... .......... .......... 2,69M
  7350K .......... .......... .......... .......... .......... 29,1M
  7400K .......... .......... .......... .......... .......... 16,1M
  7450K .......... .......... .......... .......... .......... 25,3M
  7500K .......... .......... .......... .......... .......... 14,1M
  7550K .......... .......... .......... .......... .......... 17,9M
  7600K .......... .......... .......... .......... .......... 19,2M
  7650K .......... .......... .......... .......... .......... 16,4M
  7700K .......... .......... .......... .......... .......... 15,9M
  7750K .......... .......... .......... .......... .......... 7,10M
  7800K .......... .......... .......... .......... .......... 17,9M
  7850K .......... .......... .......... .......... .......... 25,0M
  7900K .......... .......... .......... .......... .......... 18,3M
  7950K .......... .......... .......... .......... .......... 17,5M
  8000K .......... .......... .......... .......... .......... 2,91M
  8050K .......... .......... .......... .......... .......... 26,8M
  8100K .......... .......... .......... .......... .......... 18,9M
  8150K .......... .......... .......... .......... .......... 1,87M
  8200K .......... .......... .......... .......... .......... 21,7M
  8250K .......... .......... .......... .......... .......... 32,2M
  8300K .......... .......... .......... .......... .......... 20,7M
  8350K .......... .......... .......... .......... .......... 17,6M
  8400K .......... .......... .......... .......... .......... 15,0M
  8450K .......... .......... .......... .......... .......... 21,8M
  8500K .......... .......... .......... .......... .......... 20,0M
  8550K .......... .......... .......... .                     17,8M=1,2s

2023-01-03 04:03:29 (6,79 MB/s) - ‘tmp.json’ saved [8787602]

